0 info it worked if it ends with ok
1 verbose cli [ '/usr/local/bin/node',
1 verbose cli   '/usr/local/bin/npm',
1 verbose cli   'install',
1 verbose cli   'mocha',
1 verbose cli   '-g' ]
2 info using npm@2.14.20
3 info using node@v4.4.0
4 verbose install initial load of /usr/local/lib/package.json
5 verbose readDependencies loading dependencies from /usr/local/lib/package.json
6 silly cache add args [ 'mocha', null ]
7 verbose cache add spec mocha
8 silly cache add parsed spec Result {
8 silly cache add   raw: 'mocha',
8 silly cache add   scope: null,
8 silly cache add   name: 'mocha',
8 silly cache add   rawSpec: '',
8 silly cache add   spec: 'latest',
8 silly cache add   type: 'tag' }
9 silly addNamed mocha@latest
10 verbose addNamed "latest" is being treated as a dist-tag for mocha
11 info addNameTag [ 'mocha', 'latest' ]
12 silly mapToRegistry name mocha
13 silly mapToRegistry using default registry
14 silly mapToRegistry registry https://registry.npmjs.org/
15 silly mapToRegistry uri https://registry.npmjs.org/mocha
16 verbose addNameTag registry:https://registry.npmjs.org/mocha not in flight; fetching
17 verbose request uri https://registry.npmjs.org/mocha
18 verbose request no auth needed
19 info attempt registry request try #1 at 4:18:27 PM
20 verbose request id 7564d6826bae04dd
21 http request GET https://registry.npmjs.org/mocha
22 http 200 https://registry.npmjs.org/mocha
23 verbose headers { server: 'CouchDB/1.5.0 (Erlang OTP/R16B03)',
23 verbose headers   etag: '"4UXOX6RHWXP4YOALPU60DCHM8"',
23 verbose headers   'content-type': 'application/json',
23 verbose headers   'cache-control': 'max-age=300',
23 verbose headers   'content-length': '282073',
23 verbose headers   'accept-ranges': 'bytes',
23 verbose headers   date: 'Fri, 11 Mar 2016 00:18:27 GMT',
23 verbose headers   via: '1.1 varnish',
23 verbose headers   age: '58',
23 verbose headers   connection: 'keep-alive',
23 verbose headers   'x-served-by': 'cache-sjc3122-SJC',
23 verbose headers   'x-cache': 'HIT',
23 verbose headers   'x-cache-hits': '2',
23 verbose headers   'x-timer': 'S1457655507.120866,VS0,VE0',
23 verbose headers   vary: 'Accept' }
24 silly get cb [ 200,
24 silly get   { server: 'CouchDB/1.5.0 (Erlang OTP/R16B03)',
24 silly get     etag: '"4UXOX6RHWXP4YOALPU60DCHM8"',
24 silly get     'content-type': 'application/json',
24 silly get     'cache-control': 'max-age=300',
24 silly get     'content-length': '282073',
24 silly get     'accept-ranges': 'bytes',
24 silly get     date: 'Fri, 11 Mar 2016 00:18:27 GMT',
24 silly get     via: '1.1 varnish',
24 silly get     age: '58',
24 silly get     connection: 'keep-alive',
24 silly get     'x-served-by': 'cache-sjc3122-SJC',
24 silly get     'x-cache': 'HIT',
24 silly get     'x-cache-hits': '2',
24 silly get     'x-timer': 'S1457655507.120866,VS0,VE0',
24 silly get     vary: 'Accept' } ]
25 verbose get saving mocha to /Users/jaslo/.npm/registry.npmjs.org/mocha/.cache.json
26 verbose correctMkdir /Users/jaslo/.npm correctMkdir not in flight; initializing
27 silly addNameTag next cb for mocha with tag latest
28 silly addNamed mocha@2.4.5
29 verbose addNamed "2.4.5" is a plain semver version for mocha
30 silly mapToRegistry name mocha
31 silly mapToRegistry using default registry
32 silly mapToRegistry registry https://registry.npmjs.org/
33 silly mapToRegistry uri https://registry.npmjs.org/mocha
34 verbose addRemoteTarball https://registry.npmjs.org/mocha/-/mocha-2.4.5.tgz not in flight; adding
35 verbose addRemoteTarball [ 'https://registry.npmjs.org/mocha/-/mocha-2.4.5.tgz',
35 verbose addRemoteTarball   '151768dd2875eb51bc8295e9800026e9f2bb398f' ]
36 info retry fetch attempt 1 at 4:18:27 PM
37 info attempt registry request try #1 at 4:18:27 PM
38 http fetch GET https://registry.npmjs.org/mocha/-/mocha-2.4.5.tgz
39 http fetch 200 https://registry.npmjs.org/mocha/-/mocha-2.4.5.tgz
40 silly fetchAndShaCheck shasum 151768dd2875eb51bc8295e9800026e9f2bb398f
41 verbose addTmpTarball /var/folders/qv/s2w960xj0g34wtlp3ntpd9k40000gn/T/npm-66883-01486ed0/registry.npmjs.org/mocha/-/mocha-2.4.5.tgz not in flight; adding
42 verbose addTmpTarball already have metadata; skipping unpack for mocha@2.4.5
43 verbose correctMkdir /Users/jaslo/.npm correctMkdir not in flight; initializing
44 silly cache afterAdd mocha@2.4.5
45 verbose afterAdd /Users/jaslo/.npm/mocha/2.4.5/package/package.json not in flight; writing
46 verbose correctMkdir /Users/jaslo/.npm correctMkdir not in flight; initializing
47 verbose afterAdd /Users/jaslo/.npm/mocha/2.4.5/package/package.json written
48 silly install resolved [ { name: 'mocha',
48 silly install resolved     version: '2.4.5',
48 silly install resolved     description: 'simple, flexible, fun test framework',
48 silly install resolved     keywords: [ 'mocha', 'test', 'bdd', 'tdd', 'tap' ],
48 silly install resolved     author: { name: 'TJ Holowaychuk', email: 'tj@vision-media.ca' },
48 silly install resolved     contributors:
48 silly install resolved      [ [Object],
48 silly install resolved        [Object],
48 silly install resolved        [Object],
48 silly install resolved        [Object],
48 silly install resolved        [Object],
48 silly install resolved        [Object],
48 silly install resolved        [Object],
48 silly install resolved        [Object],
48 silly install resolved        [Object],
48 silly install resolved        [Object],
48 silly install resolved        [Object],
48 silly install resolved        [Object],
48 silly install resolved        [Object],
48 silly install resolved        [Object],
48 silly install resolved        [Object],
48 silly install resolved        [Object],
48 silly install resolved        [Object],
48 silly install resolved        [Object],
48 silly install resolved        [Object],
48 silly install resolved        [Object],
48 silly install resolved        [Object],
48 silly install resolved        [Object],
48 silly install resolved        [Object],
48 silly install resolved        [Object],
48 silly install resolved        [Object],
48 silly install resolved        [Object],
48 silly install resolved        [Object],
48 silly install resolved        [Object],
48 silly install resolved        [Object],
48 silly install resolved        [Object],
48 silly install resolved        [Object],
48 silly install resolved        [Object],
48 silly install resolved        [Object],
48 silly install resolved        [Object],
48 silly install resolved        [Object],
48 silly install resolved        [Object],
48 silly install resolved        [Object],
48 silly install resolved        [Object],
48 silly install resolved        [Object],
48 silly install resolved        [Object],
48 silly install resolved        [Object],
48 silly install resolved        [Object],
48 silly install resolved        [Object],
48 silly install resolved        [Object],
48 silly install resolved        [Object],
48 silly install resolved        [Object],
48 silly install resolved        [Object],
48 silly install resolved        [Object],
48 silly install resolved        [Object],
48 silly install resolved        [Object],
48 silly install resolved        [Object],
48 silly install resolved        [Object],
48 silly install resolved        [Object],
48 silly install resolved        [Object],
48 silly install resolved        [Object],
48 silly install resolved        [Object],
48 silly install resolved        [Object],
48 silly install resolved        [Object],
48 silly install resolved        [Object],
48 silly install resolved        [Object],
48 silly install resolved        [Object],
48 silly install resolved        [Object],
48 silly install resolved        [Object],
48 silly install resolved        [Object],
48 silly install resolved        [Object],
48 silly install resolved        [Object],
48 silly install resolved        [Object],
48 silly install resolved        [Object],
48 silly install resolved        [Object],
48 silly install resolved        [Object],
48 silly install resolved        [Object],
48 silly install resolved        [Object],
48 silly install resolved        [Object],
48 silly install resolved        [Object],
48 silly install resolved        [Object],
48 silly install resolved        [Object],
48 silly install resolved        [Object],
48 silly install resolved        [Object],
48 silly install resolved        [Object],
48 silly install resolved        [Object],
48 silly install resolved        [Object],
48 silly install resolved        [Object],
48 silly install resolved        [Object],
48 silly install resolved        [Object],
48 silly install resolved        [Object],
48 silly install resolved        [Object],
48 silly install resolved        [Object],
48 silly install resolved        [Object],
48 silly install resolved        [Object],
48 silly install resolved        [Object],
48 silly install resolved        [Object],
48 silly install resolved        [Object],
48 silly install resolved        [Object],
48 silly install resolved        [Object],
48 silly install resolved        [Object],
48 silly install resolved        [Object],
48 silly install resolved        [Object],
48 silly install resolved        [Object],
48 silly install resolved        [Object],
48 silly install resolved        [Object],
48 silly install resolved        [Object],
48 silly install resolved        [Object],
48 silly install resolved        [Object],
48 silly install resolved        [Object],
48 silly install resolved        [Object],
48 silly install resolved        [Object],
48 silly install resolved        [Object],
48 silly install resolved        [Object],
48 silly install resolved        [Object],
48 silly install resolved        [Object],
48 silly install resolved        [Object],
48 silly install resolved        [Object],
48 silly install resolved        [Object],
48 silly install resolved        [Object],
48 silly install resolved        [Object],
48 silly install resolved        [Object],
48 silly install resolved        [Object],
48 silly install resolved        [Object],
48 silly install resolved        [Object],
48 silly install resolved        [Object],
48 silly install resolved        [Object],
48 silly install resolved        [Object],
48 silly install resolved        [Object],
48 silly install resolved        [Object],
48 silly install resolved        [Object],
48 silly install resolved        [Object],
48 silly install resolved        [Object],
48 silly install resolved        [Object],
48 silly install resolved        [Object],
48 silly install resolved        [Object],
48 silly install resolved        [Object],
48 silly install resolved        [Object],
48 silly install resolved        [Object],
48 silly install resolved        [Object],
48 silly install resolved        [Object],
48 silly install resolved        [Object],
48 silly install resolved        [Object],
48 silly install resolved        [Object],
48 silly install resolved        [Object],
48 silly install resolved        [Object],
48 silly install resolved        [Object],
48 silly install resolved        [Object],
48 silly install resolved        [Object],
48 silly install resolved        [Object],
48 silly install resolved        [Object],
48 silly install resolved        [Object],
48 silly install resolved        [Object],
48 silly install resolved        [Object],
48 silly install resolved        [Object],
48 silly install resolved        [Object],
48 silly install resolved        [Object],
48 silly install resolved        [Object],
48 silly install resolved        [Object],
48 silly install resolved        [Object],
48 silly install resolved        [Object],
48 silly install resolved        [Object],
48 silly install resolved        [Object],
48 silly install resolved        [Object],
48 silly install resolved        [Object],
48 silly install resolved        [Object],
48 silly install resolved        [Object],
48 silly install resolved        [Object],
48 silly install resolved        [Object],
48 silly install resolved        [Object],
48 silly install resolved        [Object],
48 silly install resolved        [Object],
48 silly install resolved        [Object],
48 silly install resolved        [Object],
48 silly install resolved        [Object],
48 silly install resolved        [Object],
48 silly install resolved        [Object],
48 silly install resolved        [Object],
48 silly install resolved        [Object],
48 silly install resolved        [Object],
48 silly install resolved        [Object],
48 silly install resolved        [Object],
48 silly install resolved        [Object],
48 silly install resolved        [Object],
48 silly install resolved        [Object],
48 silly install resolved        [Object],
48 silly install resolved        [Object],
48 silly install resolved        [Object],
48 silly install resolved        [Object],
48 silly install resolved        [Object],
48 silly install resolved        [Object],
48 silly install resolved        [Object],
48 silly install resolved        [Object],
48 silly install resolved        [Object],
48 silly install resolved        [Object],
48 silly install resolved        [Object],
48 silly install resolved        [Object],
48 silly install resolved        [Object],
48 silly install resolved        [Object],
48 silly install resolved        [Object],
48 silly install resolved        [Object],
48 silly install resolved        [Object],
48 silly install resolved        [Object],
48 silly install resolved        [Object],
48 silly install resolved        [Object],
48 silly install resolved        [Object],
48 silly install resolved        [Object],
48 silly install resolved        [Object],
48 silly install resolved        [Object],
48 silly install resolved        [Object],
48 silly install resolved        [Object],
48 silly install resolved        [Object],
48 silly install resolved        [Object],
48 silly install resolved        [Object],
48 silly install resolved        [Object],
48 silly install resolved        [Object],
48 silly install resolved        [Object],
48 silly install resolved        [Object],
48 silly install resolved        [Object],
48 silly install resolved        [Object],
48 silly install resolved        [Object],
48 silly install resolved        [Object],
48 silly install resolved        [Object],
48 silly install resolved        [Object],
48 silly install resolved        [Object],
48 silly install resolved        [Object],
48 silly install resolved        [Object],
48 silly install resolved        [Object],
48 silly install resolved        [Object],
48 silly install resolved        [Object],
48 silly install resolved        [Object],
48 silly install resolved        [Object],
48 silly install resolved        [Object],
48 silly install resolved        [Object],
48 silly install resolved        [Object],
48 silly install resolved        [Object],
48 silly install resolved        [Object],
48 silly install resolved        [Object],
48 silly install resolved        [Object],
48 silly install resolved        [Object],
48 silly install resolved        [Object],
48 silly install resolved        [Object],
48 silly install resolved        [Object],
48 silly install resolved        [Object],
48 silly install resolved        [Object],
48 silly install resolved        [Object] ],
48 silly install resolved     license: 'MIT',
48 silly install resolved     repository: { type: 'git', url: 'git://github.com/mochajs/mocha.git' },
48 silly install resolved     maintainers: [ [Object], [Object], [Object], [Object] ],
48 silly install resolved     main: './index',
48 silly install resolved     bin: { mocha: './bin/mocha', _mocha: './bin/_mocha' },
48 silly install resolved     engines: { node: '>= 0.8.x' },
48 silly install resolved     scripts: { test: 'make test-all' },
48 silly install resolved     dependencies:
48 silly install resolved      { commander: '2.3.0',
48 silly install resolved        debug: '2.2.0',
48 silly install resolved        diff: '1.4.0',
48 silly install resolved        'escape-string-regexp': '1.0.2',
48 silly install resolved        glob: '3.2.3',
48 silly install resolved        growl: '1.8.1',
48 silly install resolved        jade: '0.26.3',
48 silly install resolved        mkdirp: '0.5.1',
48 silly install resolved        'supports-color': '1.2.0' },
48 silly install resolved     devDependencies:
48 silly install resolved      { 'browser-stdout': '^1.2.0',
48 silly install resolved        browserify: '10.2.4',
48 silly install resolved        'coffee-script': '~1.8.0',
48 silly install resolved        eslint: '^1.2.1',
48 silly install resolved        should: '~8.0.0',
48 silly install resolved        through2: '~0.6.5' },
48 silly install resolved     files:
48 silly install resolved      [ 'bin',
48 silly install resolved        'images',
48 silly install resolved        'lib',
48 silly install resolved        'index.js',
48 silly install resolved        'mocha.css',
48 silly install resolved        'mocha.js',
48 silly install resolved        'LICENSE' ],
48 silly install resolved     browser:
48 silly install resolved      { debug: './lib/browser/debug.js',
48 silly install resolved        events: './lib/browser/events.js',
48 silly install resolved        tty: './lib/browser/tty.js' },
48 silly install resolved     licenses: [ [Object] ],
48 silly install resolved     gitHead: '2a8594424c73ffeca41ef1668446372160528b4a',
48 silly install resolved     bugs: { url: 'https://github.com/mochajs/mocha/issues' },
48 silly install resolved     homepage: 'https://github.com/mochajs/mocha#readme',
48 silly install resolved     _id: 'mocha@2.4.5',
48 silly install resolved     _shasum: '151768dd2875eb51bc8295e9800026e9f2bb398f',
48 silly install resolved     _from: 'mocha@latest',
48 silly install resolved     _npmVersion: '3.5.3',
48 silly install resolved     _nodeVersion: '5.5.0',
48 silly install resolved     _npmUser: { name: 'boneskull', email: 'boneskull@boneskull.com' },
48 silly install resolved     dist:
48 silly install resolved      { shasum: '151768dd2875eb51bc8295e9800026e9f2bb398f',
48 silly install resolved        tarball: 'http://registry.npmjs.org/mocha/-/mocha-2.4.5.tgz' },
48 silly install resolved     directories: {},
48 silly install resolved     _resolved: 'https://registry.npmjs.org/mocha/-/mocha-2.4.5.tgz' } ]
49 info install mocha@2.4.5 into /usr/local/lib
50 info installOne mocha@2.4.5
51 verbose installOne of mocha to /usr/local/lib not in flight; installing
52 verbose correctMkdir /Users/jaslo/.npm/_locks correctMkdir not in flight; initializing
53 verbose lock using /Users/jaslo/.npm/_locks/mocha-1cb4102bb5230051.lock for /usr/local/lib/node_modules/mocha
54 silly install write writing mocha 2.4.5 to /usr/local/lib/node_modules/mocha
55 verbose unbuild lib/node_modules/mocha
56 silly gentlyRm /usr/local/lib/node_modules/mocha is being purged from base /usr/local
57 verbose gentlyRm don't care about contents; nuking /usr/local/lib/node_modules/mocha
58 verbose tar unpack /Users/jaslo/.npm/mocha/2.4.5/package.tgz
59 verbose tar unpacking to /usr/local/lib/node_modules/mocha
60 silly gentlyRm /usr/local/lib/node_modules/mocha is being purged
61 verbose gentlyRm don't care about contents; nuking /usr/local/lib/node_modules/mocha
62 silly gunzTarPerm modes [ '755', '644' ]
63 error tar.unpack untar error /Users/jaslo/.npm/mocha/2.4.5/package.tgz
64 verbose unlock done using /Users/jaslo/.npm/_locks/mocha-1cb4102bb5230051.lock for /usr/local/lib/node_modules/mocha
65 verbose fstream_path /usr/local/lib/node_modules/mocha
66 verbose fstream_type Directory
67 verbose fstream_class DirWriter
68 verbose stack Error: EACCES: permission denied, mkdir '/usr/local/lib/node_modules/mocha'
68 verbose stack     at Error (native)
69 verbose fstream_stack /usr/local/lib/node_modules/npm/node_modules/fstream/lib/dir-writer.js:35:25
69 verbose fstream_stack /usr/local/lib/node_modules/npm/node_modules/mkdirp/index.js:47:53
69 verbose fstream_stack FSReqWrap.oncomplete (fs.js:82:15)
70 verbose cwd /Users/jaslo/Documents/cisco/Notes/Node_js/modules
71 error Darwin 15.3.0
72 error argv "/usr/local/bin/node" "/usr/local/bin/npm" "install" "mocha" "-g"
73 error node v4.4.0
74 error npm  v2.14.20
75 error path /usr/local/lib/node_modules/mocha
76 error code EACCES
77 error errno -13
78 error syscall mkdir
79 error Error: EACCES: permission denied, mkdir '/usr/local/lib/node_modules/mocha'
79 error     at Error (native)
79 error  { [Error: EACCES: permission denied, mkdir '/usr/local/lib/node_modules/mocha']
79 error   errno: -13,
79 error   code: 'EACCES',
79 error   syscall: 'mkdir',
79 error   path: '/usr/local/lib/node_modules/mocha',
79 error   fstream_type: 'Directory',
79 error   fstream_path: '/usr/local/lib/node_modules/mocha',
79 error   fstream_class: 'DirWriter',
79 error   fstream_stack:
79 error    [ '/usr/local/lib/node_modules/npm/node_modules/fstream/lib/dir-writer.js:35:25',
79 error      '/usr/local/lib/node_modules/npm/node_modules/mkdirp/index.js:47:53',
79 error      'FSReqWrap.oncomplete (fs.js:82:15)' ] }
80 error Please try running this command again as root/Administrator.
81 verbose exit [ -13, true ]
82 verbose unbuild lib/node_modules/mocha
83 silly gentlyRm /usr/local/lib/node_modules/mocha is being purged from base /usr/local
84 verbose gentlyRm don't care about contents; nuking /usr/local/lib/node_modules/mocha
